[05.12.2025, 00:01:23] ==========================================
[05.12.2025, 00:01:23] Сервер запущен — система выдачи карт Unibank
[05.12.2025, 00:01:23] Результат → D:\qr_scanerLocal\public\printFile\PrintResult.CPS2
[05.12.2025, 00:01:23] ==========================================
[05.12.2025, 00:02:02] ОШИБКА | Не удалось загрузить cards.json: ENOENT: no such file or directory, open 'D:\qr_scanerLocal\config\cards.json'
[05.12.2025, 00:02:18] СКАНИРОВАНИЕ | Сессия 7d01a17a... | Код клиента: 361298 | Выбор: visa classic_original | Не выбрано (VCLASSIC) | USD
[05.12.2025, 00:02:18] НАЙДЕН В БАЗЕ → Иван Иванов | Код: 361298 | Карта: 4374690101156212
[05.12.2025, 00:02:18] ===================================================================
[05.12.2025, 00:02:18] КАРТА ВЫДАНА УСПЕШНО
[05.12.2025, 00:02:18] Клиент: Иван Иванов
[05.12.2025, 00:02:18] Код: 361298 | Карта: 4374690101156212
[05.12.2025, 00:02:18] Продукт: visa classic_original
[05.12.2025, 00:02:18] Дизайн: Не выбрано (VCLASSIC)
[05.12.2025, 00:02:18] Валюта: USD
[05.12.2025, 00:02:18] Сессия: 7d01a17a...
[05.12.2025, 00:02:18] Файл: public/printFile/PrintResult.CPS2
[05.12.2025, 00:02:18] ===================================================================
[05.12.2025, 00:05:35] ==========================================
[05.12.2025, 00:05:35] Сервер запущен — система выдачи карт Unibank
[05.12.2025, 00:05:35] Результат → D:\qr_scanerLocal\public\printFile\PrintResult.CPS2
[05.12.2025, 00:05:35] ==========================================
[05.12.2025, 00:05:43] НОВАЯ СЕССИЯ | ID: f9ead1f2...
[05.12.2025, 00:06:03] СКАНИРОВАНИЕ | Сессия f9ead1f2... | Код клиента: 361298 | Выбор: mastercard world_elite | Не выбрано (MCWELITE) | USD
[05.12.2025, 00:06:03] НАЙДЕН В БАЗЕ → Иван Иванов | Код: 361298 | Карта: 4374690101156212
[05.12.2025, 00:06:03] ===================================================================
[05.12.2025, 00:06:03] КАРТА ВЫДАНА УСПЕШНО
[05.12.2025, 00:06:03] Клиент: Иван Иванов
[05.12.2025, 00:06:03] Код: 361298 | Карта: 4374690101156212
[05.12.2025, 00:06:03] Продукт: mastercard world_elite
[05.12.2025, 00:06:04] Дизайн: Не выбрано (MCWELITE)
[05.12.2025, 00:06:04] Валюта: USD
[05.12.2025, 00:06:04] Сессия: f9ead1f2...
[05.12.2025, 00:06:04] Файл: public/printFile/PrintResult.CPS2
[05.12.2025, 00:06:04] ===================================================================
[05.12.2025, 00:12:32] ==========================================
[05.12.2025, 00:12:32] Сервер запущен — система выдачи карт Unibank
[05.12.2025, 00:12:32] Результат → D:\qr_scanerLocal\public\printFile\PrintResult.CPS2
[05.12.2025, 00:12:32] ==========================================
[05.12.2025, 00:12:32] Конфигурация cards.json успешно загружена
[05.12.2025, 00:12:40] НОВАЯ СЕССИЯ | ID: 92d855cd...
[05.12.2025, 00:13:02] СКАНИРОВАНИЕ | Сессия 92d855cd... | Код клиента: 361298 | Выбор: Visa Gold | Visa Gold (VGOLD2) | USD
[05.12.2025, 00:13:02] НАЙДЕН В БАЗЕ → Иван Иванов | Код: 361298 | Карта: 4374690101156212
[05.12.2025, 00:13:02] ===================================================================
[05.12.2025, 00:13:02] КАРТА ВЫДАНА УСПЕШНО
[05.12.2025, 00:13:02] Клиент: Иван Иванов
[05.12.2025, 00:13:02] Код: 361298 | Карта: 4374 6901 0115 6212
[05.12.2025, 00:13:02] Продукт: Visa Gold
[05.12.2025, 00:13:02] Дизайн: Visa Gold (VGOLD2)
[05.12.2025, 00:13:02] Валюта: USD
[05.12.2025, 00:13:02] Сессия: 92d855cd...
[05.12.2025, 00:13:02] Файл: public/printFile/PrintResult.CPS2
[05.12.2025, 00:13:02] ===================================================================
