[06.12.2025, 12:06:05] ==========================================
[06.12.2025, 12:06:05] Сервер запущен — система выдачи карт Unibank
[06.12.2025, 12:06:05] Результат → D:\Program\qr_scaner\public\printFile\PrintResult.CPS2
[06.12.2025, 12:06:05] ==========================================
[06.12.2025, 12:06:05] Конфигурация cards.json успешно загружена
[06.12.2025, 12:06:48] ==========================================
[06.12.2025, 12:06:48] Сервер запущен — система выдачи карт Unibank
[06.12.2025, 12:06:48] Результат → D:\Program\qr_scaner\public\printFile\PrintResult.CPS2
[06.12.2025, 12:06:48] ==========================================
[06.12.2025, 12:06:48] Конфигурация cards.json успешно загружена
[06.12.2025, 12:07:03] НОВАЯ СЕССИЯ | ID: 03fafc55...
[06.12.2025, 12:08:04] КЛИЕНТ НЕ НАЙДЕН В POSTGRESQL | Код: 361294
[06.12.2025, 12:08:33] НОВАЯ СЕССИЯ | ID: 85680c29...
[06.12.2025, 12:08:46] НАЙДЕН В POSTGRESQL → GOR TUTYAN | Код: 361298 | Карта: 4374690101156220
[06.12.2025, 12:08:46] ===================================================================
[06.12.2025, 12:08:46] КАРТА ВЫДАНА УСПЕШНО
[06.12.2025, 12:08:46] Клиент: GOR TUTYAN
[06.12.2025, 12:08:46] Код: 361298 | Карта: 4374 6901 0115 6220
[06.12.2025, 12:08:46] Сессия: 85680c29...
[06.12.2025, 12:08:46] ===================================================================
[06.12.2025, 12:11:52] НОВАЯ СЕССИЯ | ID: e9aa7cff...
[06.12.2025, 12:12:38] КЛИЕНТ НЕ НАЙДЕН В POSTGRESQL | Код: 433834
[06.12.2025, 12:14:51] НОВАЯ СЕССИЯ | ID: d321133f...
[06.12.2025, 12:15:07] НАЙДЕН В POSTGRESQL → MARIAM KARAPETYAN | Код: 433834 | Карта: 4374690101156212
[06.12.2025, 12:15:07] ===================================================================
[06.12.2025, 12:15:07] КАРТА ВЫДАНА УСПЕШНО
[06.12.2025, 12:15:07] Клиент: MARIAM KARAPETYAN
[06.12.2025, 12:15:07] Код: 433834 | Карта: 4374 6901 0115 6212
[06.12.2025, 12:15:07] Сессия: d321133f...
[06.12.2025, 12:15:07] ===================================================================
[06.12.2025, 12:20:42] ==========================================
[06.12.2025, 12:20:42] Сервер запущен — система выдачи карт Unibank
[06.12.2025, 12:20:42] Результат → D:\Program\qr_scaner\public\printFile\PrintResult.CPS2
[06.12.2025, 12:20:42] ==========================================
[06.12.2025, 12:20:42] Конфигурация cards.json успешно загружена
[06.12.2025, 12:20:48] НОВАЯ СЕССИЯ | ID: 4ce45bb6...
[06.12.2025, 12:56:55] НОВАЯ СЕССИЯ | ID: bfb8f42a...
[06.12.2025, 13:09:21] ==========================================
[06.12.2025, 13:09:21] Сервер запущен — система выдачи карт Unibank
[06.12.2025, 13:09:21] Результат → D:\Program\qr_scaner\public\printFile\PrintResult.CPS2
[06.12.2025, 13:09:21] ==========================================
[06.12.2025, 13:09:21] Конфигурация cards.json успешно загружена
[06.12.2025, 13:09:27] НОВАЯ СЕССИЯ | ID: 8255fdc9...
[06.12.2025, 13:09:55] НАЙДЕН В POSTGRESQL → GOR TUTYAN | Код: 361298 | Карта: 4374690101156220
[06.12.2025, 13:09:55] ===================================================================
[06.12.2025, 13:09:55] КАРТА ВЫДАНА УСПЕШНО
[06.12.2025, 13:09:55] Клиент: GOR TUTYAN
[06.12.2025, 13:09:55] Код: 361298 | Карта: 4374 6901 0115 6220
[06.12.2025, 13:09:55] Сессия: 8255fdc9...
[06.12.2025, 13:09:55] ===================================================================
[06.12.2025, 13:10:55] ==========================================
[06.12.2025, 13:10:55] Сервер запущен — система выдачи карт Unibank
[06.12.2025, 13:10:55] Результат → D:\Program\qr_scaner\public\printFile\PrintResult.CPS2
[06.12.2025, 13:10:55] ==========================================
[06.12.2025, 13:10:55] Конфигурация cards.json успешно загружена
[06.12.2025, 13:11:07] НОВАЯ СЕССИЯ | ID: 4393004f...
[06.12.2025, 13:11:24] НАЙДЕН В POSTGRESQL → GOR TUTYAN | Код: 361298 | Карта: 4374690101156220
[06.12.2025, 13:11:24] ===================================================================
[06.12.2025, 13:11:24] КАРТА ВЫДАНА УСПЕШНО
[06.12.2025, 13:11:24] Клиент: GOR TUTYAN
[06.12.2025, 13:11:24] Код: 361298 | Карта: 4374 6901 0115 6220 | exp: undefined | CVV: 000
[06.12.2025, 13:11:24] Сессия: 4393004f...
[06.12.2025, 13:11:24] ===================================================================
[06.12.2025, 13:13:56] ==========================================
[06.12.2025, 13:13:56] Сервер запущен — система выдачи карт Unibank
[06.12.2025, 13:13:56] Результат → D:\Program\qr_scaner\public\printFile\PrintResult.CPS2
[06.12.2025, 13:13:56] ==========================================
[06.12.2025, 13:13:56] Конфигурация cards.json успешно загружена
[06.12.2025, 13:14:03] НОВАЯ СЕССИЯ | ID: f86a788b...
[06.12.2025, 13:14:17] НАЙДЕН В POSTGRESQL → GOR TUTYAN | Код: 361298 | Карта: 4374690101156220
[06.12.2025, 13:14:17] ===================================================================
[06.12.2025, 13:14:17] КАРТА ВЫДАНА УСПЕШНО
[06.12.2025, 13:14:17] Клиент: GOR TUTYAN
[06.12.2025, 13:14:17] Код: 361298 | Карта: 4374 6901 0115 6220 | exp: 12/28 | CVV: 000
[06.12.2025, 13:14:17] Сессия: f86a788b...
[06.12.2025, 13:14:17] ===================================================================
[06.12.2025, 13:16:52] ==========================================
[06.12.2025, 13:16:52] Сервер запущен — система выдачи карт Unibank
[06.12.2025, 13:16:52] Результат → D:\Program\qr_scaner\public\printFile\PrintResult.CPS2
[06.12.2025, 13:16:52] ==========================================
[06.12.2025, 13:16:52] Конфигурация cards.json успешно загружена
[06.12.2025, 13:17:01] НОВАЯ СЕССИЯ | ID: e53027c5...
[06.12.2025, 13:18:54] ==========================================
[06.12.2025, 13:18:54] Сервер запущен — система выдачи карт Unibank
[06.12.2025, 13:18:54] Результат → D:\Program\qr_scaner\public\printFile\PrintResult.CPS2
[06.12.2025, 13:18:54] ==========================================
[06.12.2025, 13:18:54] Конфигурация cards.json успешно загружена
[06.12.2025, 13:19:00] НОВАЯ СЕССИЯ | ID: f2ee8f8a...
[06.12.2025, 13:19:15] НАЙДЕН В POSTGRESQL → GOR TUTYAN | Код: 361298 | Карта: 4374690101156220
[06.12.2025, 13:19:15] ===================================================================
[06.12.2025, 13:19:15] КАРТА ВЫДАНА УСПЕШНО
[06.12.2025, 13:19:15] Клиент: GOR TUTYAN
[06.12.2025, 13:19:15] Код: 361298 | Карта: 4374 6901 0115 6220 | exp: 12/28 | CVV: 000
[06.12.2025, 13:19:15] Сессия: f2ee8f8a...
[06.12.2025, 13:19:15] ===================================================================
[06.12.2025, 13:20:56] НОВАЯ СЕССИЯ | ID: d9b572a2...
[06.12.2025, 13:21:11] НАЙДЕН В POSTGRESQL → GOR TUTYAN | Код: 361298 | Карта: 4374690101156220
[06.12.2025, 13:21:11] ===================================================================
[06.12.2025, 13:21:11] КАРТА ВЫДАНА УСПЕШНО
[06.12.2025, 13:21:11] Клиент: GOR TUTYAN
[06.12.2025, 13:21:11] Код: 361298 | Карта: 4374 6901 0115 6220 | exp: 12/28 | CVV: 000
[06.12.2025, 13:21:11] Сессия: d9b572a2...
[06.12.2025, 13:21:11] ===================================================================
[06.12.2025, 13:21:49] ==========================================
[06.12.2025, 13:21:49] Сервер запущен — система выдачи карт Unibank
[06.12.2025, 13:21:49] Результат → D:\Program\qr_scaner\public\printFile\PrintResult.CPS2
[06.12.2025, 13:21:49] ==========================================
[06.12.2025, 13:21:49] Конфигурация cards.json успешно загружена
[06.12.2025, 13:21:56] НОВАЯ СЕССИЯ | ID: 04dbe884...
[06.12.2025, 13:22:15] НАЙДЕН В POSTGRESQL → GOR TUTYAN | Код: 361298 | Карта: 4374690101156220
[06.12.2025, 13:22:15] ===================================================================
[06.12.2025, 13:22:15] КАРТА ВЫДАНА УСПЕШНО
[06.12.2025, 13:22:15] Клиент: GOR TUTYAN
[06.12.2025, 13:22:15] Код: 361298 | Карта: 4374 6901 0115 6220 | exp: 12/28 | CVV: 000
[06.12.2025, 13:22:15] Сессия: 04dbe884...
[06.12.2025, 13:22:15] ===================================================================
[06.12.2025, 13:24:19] ==========================================
[06.12.2025, 13:24:19] Сервер запущен — система выдачи карт Unibank
[06.12.2025, 13:24:19] Результат → D:\Program\qr_scaner\public\printFile\PrintResult.CPS2
[06.12.2025, 13:24:19] ==========================================
[06.12.2025, 13:24:19] Конфигурация cards.json успешно загружена
[06.12.2025, 13:24:29] НОВАЯ СЕССИЯ | ID: 8b750d41...
[06.12.2025, 13:24:45] НАЙДЕН В POSTGRESQL → GOR TUTYAN | Код: 361298 | Карта: 4374690101156220
[06.12.2025, 13:24:45] ===================================================================
[06.12.2025, 13:24:45] КАРТА ВЫДАНА УСПЕШНО
[06.12.2025, 13:24:45] Клиент: GOR TUTYAN
[06.12.2025, 13:24:45] Код: 361298 | Карта: 4374 6901 0115 6220 | exp: 12/28 | CVV: 000
[06.12.2025, 13:24:45] Сессия: 8b750d41...
[06.12.2025, 13:24:45] ===================================================================
[06.12.2025, 13:26:07] ==========================================
[06.12.2025, 13:26:07] Сервер запущен — система выдачи карт Unibank
[06.12.2025, 13:26:07] Результат → D:\Program\qr_scaner\public\printFile\PrintResult.CPS2
[06.12.2025, 13:26:07] ==========================================
[06.12.2025, 13:26:07] Конфигурация cards.json успешно загружена
[06.12.2025, 13:26:17] НОВАЯ СЕССИЯ | ID: 1d92dc98...
[06.12.2025, 13:26:31] НАЙДЕН В POSTGRESQL → GOR TUTYAN | Код: 361298 | Карта: 4374690101156220
[06.12.2025, 13:26:31] ===================================================================
[06.12.2025, 13:26:31] КАРТА ВЫДАНА УСПЕШНО
[06.12.2025, 13:26:31] Клиент: GOR TUTYAN
[06.12.2025, 13:26:31] Код: 361298 | Карта: 4374 6901 0115 6220 | exp: 12/28 | cvv: 000
[06.12.2025, 13:26:31] Сессия: 1d92dc98...
[06.12.2025, 13:26:31] ===================================================================
